<?xml version="1.0" encoding="UTF-8"?>
<!-- Generated by org.testng.reporters.JUnitReportReporter -->
<testsuite hostname="DESKTOP-76BMPRR" failures="0" tests="1" name="testpack.DemoMaven" time="6.617" errors="0" timestamp="2021-12-26T21:15:08 IST" skipped="0">
  <testcase classname="testpack.DemoMaven" name="startapp" time="6.617"/>
  <system-out>
Browser is opened  </system-out>
</testsuite> <!-- testpack.DemoMaven -->
